c:\users\jcc0044\documents\lab5\lab5\lab5\debug\lab5.obj
c:\users\jcc0044\documents\lab5\lab5\lab5\debug\vc100.pdb
c:\users\jcc0044\documents\lab5\lab5\lab5\debug\util.obj
c:\users\jcc0044\documents\lab5\lab5\debug\lab5.exe
c:\users\jcc0044\documents\lab5\lab5\lab5\debug\lab5.exe.intermediate.manifest
c:\users\jcc0044\documents\lab5\lab5\debug\lab5.pdb
c:\users\john\google drive\academia\auburn\2014-2015 fall\comp 3350 - assembly & comp org\lab5\lab5\lab5\debug\vc120.pdb
c:\users\john\google drive\academia\auburn\2014-2015 fall\comp 3350 - assembly & comp org\lab5\lab5\lab5\debug\vc120.idb
c:\users\john\google drive\academia\auburn\2014-2015 fall\comp 3350 - assembly & comp org\lab5\lab5\lab5\debug\lab5.obj
c:\users\john\google drive\academia\auburn\2014-2015 fall\comp 3350 - assembly & comp org\lab5\lab5\lab5\debug\util.obj
c:\users\john\google drive\academia\auburn\2014-2015 fall\comp 3350 - assembly & comp org\lab5\lab5\lab5\debug\lab5.vcxprojresolveassemblyreference.cache
c:\users\john\google drive\academia\auburn\2014-2015 fall\comp 3350 - assembly & comp org\lab5\lab5\lab5\debug\cl.command.1.tlog
c:\users\john\google drive\academia\auburn\2014-2015 fall\comp 3350 - assembly & comp org\lab5\lab5\lab5\debug\cl.read.1.tlog
c:\users\john\google drive\academia\auburn\2014-2015 fall\comp 3350 - assembly & comp org\lab5\lab5\lab5\debug\cl.write.1.tlog
c:\users\john\google drive\academia\auburn\2014-2015 fall\comp 3350 - assembly & comp org\lab5\lab5\lab5\debug\lab5.write.1.tlog
c:\users\john\google drive\academia\auburn\2014-2015 fall\comp 3350 - assembly & comp org\lab5\lab5\lab5\debug\link.command.1.tlog
c:\users\john\google drive\academia\auburn\2014-2015 fall\comp 3350 - assembly & comp org\lab5\lab5\lab5\debug\link.read.1.tlog
c:\users\john\google drive\academia\auburn\2014-2015 fall\comp 3350 - assembly & comp org\lab5\lab5\lab5\debug\link.write.1.tlog
c:\users\john\google drive\academia\auburn\2014-2015 fall\comp 3350 - assembly & comp org\lab5\lab5\lab5\debug\mt.command.1.tlog
c:\users\john\google drive\academia\auburn\2014-2015 fall\comp 3350 - assembly & comp org\lab5\lab5\lab5\debug\mt.read.1.tlog
c:\users\john\google drive\academia\auburn\2014-2015 fall\comp 3350 - assembly & comp org\lab5\lab5\lab5\debug\mt.write.1.tlog
c:\users\john\google drive\academia\auburn\2014-2015 fall\comp 3350 - assembly & comp org\lab5\lab5\lab5\debug\lab5.exe.intermediate.manifest
c:\users\john\google drive\academia\auburn\2014-2015 fall\comp 3350 - assembly & comp org\lab5\lab5\lab5\debug\vc100.idb
c:\users\john\google drive\academia\auburn\2014-2015 fall\comp 3350 - assembly & comp org\lab5\lab5\lab5\debug\vc100.pdb
c:\users\john\google drive\academia\auburn\2014-2015 fall\comp 3350 - assembly & comp org\lab5\lab5\debug\lab5.pdb
c:\users\john\google drive\academia\auburn\2014-2015 fall\comp 3350 - assembly & comp org\lab5\lab5\lab5\debug\lab5.tlog\cl.command.1.tlog
c:\users\john\google drive\academia\auburn\2014-2015 fall\comp 3350 - assembly & comp org\lab5\lab5\lab5\debug\lab5.tlog\cl.read.1.tlog
c:\users\john\google drive\academia\auburn\2014-2015 fall\comp 3350 - assembly & comp org\lab5\lab5\lab5\debug\lab5.tlog\cl.write.1.tlog
c:\users\john\google drive\academia\auburn\2014-2015 fall\comp 3350 - assembly & comp org\lab5\lab5\lab5\debug\lab5.tlog\lab5.write.1u.tlog
c:\users\john\google drive\academia\auburn\2014-2015 fall\comp 3350 - assembly & comp org\lab5\lab5\lab5\debug\lab5.tlog\link-cvtres.read.1.tlog
c:\users\john\google drive\academia\auburn\2014-2015 fall\comp 3350 - assembly & comp org\lab5\lab5\lab5\debug\lab5.tlog\link-cvtres.write.1.tlog
c:\users\john\google drive\academia\auburn\2014-2015 fall\comp 3350 - assembly & comp org\lab5\lab5\lab5\debug\lab5.tlog\link-rc.read.1.tlog
c:\users\john\google drive\academia\auburn\2014-2015 fall\comp 3350 - assembly & comp org\lab5\lab5\lab5\debug\lab5.tlog\link-rc.write.1.tlog
c:\users\john\google drive\academia\auburn\2014-2015 fall\comp 3350 - assembly & comp org\lab5\lab5\lab5\debug\lab5.tlog\link.command.1.tlog
c:\users\john\google drive\academia\auburn\2014-2015 fall\comp 3350 - assembly & comp org\lab5\lab5\lab5\debug\lab5.tlog\link.read.1.tlog
c:\users\john\google drive\academia\auburn\2014-2015 fall\comp 3350 - assembly & comp org\lab5\lab5\lab5\debug\lab5.tlog\link.write.1.tlog
